// 同步 ID: ba07d2a4 @ Sat Jul 11 11:56:50 UTC 2026
// 同步 ID: 00d19b80 @ Sat Jul 11 19:09:16 UTC 2026
// 同步 ID: 216edf66 @ Sat Jul 11 20:22:43 UTC 2026
// 重构日志: 6e320764
// 重构日志: 8b02cfc7
// 重构日志: fbf33f9d
// 重构日志: ef3ad691
// 重构日志: 28b23f0e
// 重构日志: 33ac5a05
// 重构日志: 6fb9da75
// 同步 ID: ab2ed925 @ Wed Jul 15 11:34:26 UTC 2026
// 重构日志: 522afba7
// 重构日志: ca67545a
// 同步 ID: a4c4763d @ Thu Jul 16 18:01:12 UTC 2026
// 重构日志: 435aad3a
// 重构日志: 0c675c82
// 重构日志: 79c7d8d1
// 重构日志: 404a37d7
// 同步 ID: 1d52ee5a @ Sat Jul 18 10:16:36 UTC 2026
// 同步 ID: 9e8a2e99 @ Sat Jul 18 17:16:43 UTC 2026
// 重构日志: 4aae2776
// 同步 ID: 9dea0fec @ Sun Jul 19 12:24:37 UTC 2026
// 重构日志: 19a1a8fd
// 重构日志: 5750cc36
// 重构日志: 3fa33c9a
// 同步 ID: 9d4b0fd1 @ Tue Jul 21 08:49:31 UTC 2026
// 同步 ID: 2fbad3be @ Tue Jul 21 16:08:35 UTC 2026
// 同步 ID: e792f513 @ Thu Jul 23 03:25:29 UTC 2026
// 同步 ID: d563c402 @ Thu Jul 23 11:46:41 UTC 2026
// 同步 ID: 0563234f @ Fri Jul 24 05:45:55 UTC 2026
// 重构日志: 5a7f0d58
